0:100  0:100  MemLog inited, TSC freq: 1895609752
0:100  0:000  CPU was calibrated with ACPI PM Timer
0:100  0:000  
0:100  0:000  Now is 19.8.2020,  9:2:48 (GMT)
0:100  0:000  Starting Clover revision: 5098 (master, commit 58649391) on American Megatrends EFI
0:100  0:000  Build with: [Args: -D NO_GRUB_DRIVERS_EMBEDDED -t GCC53 | -D NO_GRUB_DRIVERS_EMBEDDED --conf=/Users/sergey/src/Clover/Conf -D USE_LOW_EBDA -a X64 -b RELEASE -t GCC53 -n 5 | OS: 10.14.6]
0:100  0:000  SelfDevicePath=PciRoot(0x0)\Pci(0x1F,0x2)\Sata(0x1,0xFFFF,0x0)\HD(1,GPT,9DCE8E23-246C-4542-A748-59E6F9D62BA0,0x28,0x64000) @C74D1498
0:100  0:000  SelfDirPath = EFI\CLOVER
0:100  0:000  SimpleTextEx Status=Success
0:100  0:000  === [ Get Smbios ] ========================================
0:100  0:000  Type 16 Index = 0
0:100  0:000  Total Memory Slots Count = 4
0:100  0:000  Type 17 Index = 0
0:100  0:000  SmbiosTable.Type17->Speed = 1600MHz
0:100  0:000  SmbiosTable.Type17->Size = 4096MB
0:100  0:000  SmbiosTable.Type17->Bank/Device = BANK 0 ChannelA-DIMM0
0:100  0:000  SmbiosTable.Type17->Vendor = Hynix/Hyundai
0:100  0:000  SmbiosTable.Type17->SerialNumber = 0C26FFB5
0:100  0:000  SmbiosTable.Type17->PartNumber = HMT351S6EFR8A-PB  
0:100  0:000  Type 17 Index = 1
0:100  0:000  Ignoring insane frequency value 0MHz
0:100  0:000  SmbiosTable.Type17->Speed = 0MHz
0:100  0:000  SmbiosTable.Type17->Size = 0MB
0:100  0:000  SmbiosTable.Type17->Bank/Device = BANK 1 ChannelA-DIMM1
0:100  0:000  SmbiosTable.Type17->Vendor = <null string>
0:100  0:000  SmbiosTable.Type17->SerialNumber = <null string>
0:100  0:000  SmbiosTable.Type17->PartNumber = <null string>
0:100  0:000  Type 17 Index = 2
0:100  0:000  SmbiosTable.Type17->Speed = 1600MHz
0:100  0:000  SmbiosTable.Type17->Size = 2048MB
0:100  0:000  SmbiosTable.Type17->Bank/Device = BANK 2 ChannelB-DIMM0
0:100  0:000  SmbiosTable.Type17->Vendor = Hynix/Hyundai
0:100  0:000  SmbiosTable.Type17->SerialNumber = 00000000
0:100  0:000  SmbiosTable.Type17->PartNumber =                   
0:100  0:000  Type 17 Index = 3
0:100  0:000  Ignoring insane frequency value 0MHz
0:100  0:000  SmbiosTable.Type17->Speed = 0MHz
0:100  0:000  SmbiosTable.Type17->Size = 0MB
0:100  0:000  SmbiosTable.Type17->Bank/Device = BANK 3 ChannelB-DIMM1
0:100  0:000  SmbiosTable.Type17->Vendor = <null string>
0:100  0:000  SmbiosTable.Type17->SerialNumber = <null string>
0:100  0:000  SmbiosTable.Type17->PartNumber = <null string>
0:100  0:000  Boot status=0
0:100  0:000  Running on: 'X455LD' with board 'X455LD'
0:100  0:000  === [ GetCPUProperties ] ==================================
0:100  0:000  CPU Vendor = 756E6547 Model=40651
0:100  0:000   The CPU supported SSE4.1
0:100  0:000  BrandString = Intel(R) Core(TM) i3-4030U CPU @ 1.90GHz
0:100  0:000   The CPU not supported turbo
0:100  0:000  MSR 0x35               20004
0:100  0:000  MSR 0xE2 before patch 1E008408
0:100  0:000  MSR 0xE2 is locked, PM patches will be turned on
0:100  0:000  MSR 0xCE              0008083B_F3011300
0:100  0:000  corrected FLEX_RATIO = 0
0:100  0:000  MSR 0x1B0             00000000
0:100  0:000  FSBFrequency = 100 MHz, DMI FSBFrequency = 100 MHz, Corrected FSBFrequency = 100 MHz
0:100  0:000  MaxDiv/MinDiv: 19.0/8
0:100  0:000  Turbo: 19/19/19/19
0:100  0:000  Features: 0xBFEBFBFF
0:100  0:000  Threads: 4
0:100  0:000  Cores: 2
0:100  0:000  FSB: 100 MHz
0:100  0:000  CPU: 1900 MHz
0:100  0:000  TSC: 1900 MHz
0:100  0:000  PIS: 100 MHz
0:100  0:000  ExternalClock: 25 MHz
0:100  0:000  === [ GetDevices ] ========================================
0:100  0:000  GOP found at: PciRoot(0x0)/Pci(0x2,0x0)/AcpiAdr(0x80013400)
0:100  0:000  PCI (00|00:00.00) : 8086 0A04 class=060000
0:100  0:000  PCI (00|00:02.00) : 8086 0A16 class=030000
0:100  0:000   - GOP: Provided by device
0:100  0:000   - GFX: Model=Intel HD Graphics 4400 (Intel)
0:100  0:000  PCI (00|00:03.00) : 8086 0A0C class=040300
0:100  0:000  PCI (00|00:04.00) : 8086 0A03 class=118000
0:100  0:000  PCI (00|00:14.00) : 8086 9C31 class=0C0330
0:100  0:000  PCI (00|00:1B.00) : 8086 9C20 class=040300
0:100  0:000  PCI (00|00:1C.00) : 8086 9C10 class=060400
0:100  0:000  PCI (00|00:1C.02) : 8086 9C14 class=060400
0:100  0:000  PCI (00|02:00.00) : 10EC 8168 class=020000
0:100  0:000   - LAN: 0 Vendor=Realtek
0:100  0:000  PCI (00|00:1C.03) : 8086 9C16 class=060400
0:100  0:000  PCI (00|03:00.00) : 168C 002B class=028000
0:100  0:000   - WIFI: Vendor=Atheros
0:100  0:000  PCI (00|00:1C.04) : 8086 9C18 class=060400
0:100  0:000  PCI (00|04:00.00) : 10DE 1140 class=030200
0:100  0:000  PCI (00|00:1D.00) : 8086 9C26 class=0C0320
0:100  0:000  PCI (00|00:1F.00) : 8086 9C43 class=060100
0:100  0:000  PCI (00|00:1F.02) : 8086 9C03 class=010601
0:100  0:000  PCI (00|00:1F.03) : 8086 9C22 class=0C0500
0:100  0:000  PCI (00|00:1F.06) : FFFF FFFF class=FFFFFF
0:100  0:000  === [ GetDefaultSettings ] ================================
0:100  0:000  Clover load options size = 0 bytes
0:115  0:015  EFI\CLOVER\config.plist loaded: Success
0:119  0:003  === [ GetListOfThemes ] ===================================
0:121  0:002  - [00]: Beauty
0:123  0:002  - [01]: BGM256
0:130  0:006  - [02]: EMBEDDED
0:131  0:001  - [02]: Mojave
0:134  0:003  - [03]: Mojave4k
0:137  0:003  - [04]: Movies
0:139  0:002  - [05]: RANDOM
0:140  0:001  - [05]: Universe
0:142  0:002  === [ Found config plists ] ===============================
0:143  0:000  - config_MBp11,1.plist
0:143  0:000  - config_mbp11,3.plist
0:143  0:000  - config1.plist
0:143  0:000  - configpure.plist
0:143  0:000  - configjadi.plist
0:143  0:000  - config.plist
0:143  0:000  === [ GetEarlyUserSettings ] ==============================
0:143  0:000  timeout set to 5
0:143  0:000  Custom boot CUSTOM_BOOT_DISABLED (0x0)
0:143  0:000  KextsToPatch: 10 requested
0:143  0:000   - [00]: com.apple.driver.AppleBacklight (change F%uT%04x to F%uTxxxx in AppleBacklightInjector.kext (credit RehabMan)) :: BinPatch :: data len: 9
0:143  0:000   - [01]: com.apple.driver.usb.AppleUSBXHCI (Unlock Port Limit USB XHC High Sierra) :: BinPatch :: data len: 10
0:143  0:000   - [02]: IOAHCIBlockStorage (Enable TRIM for SSD) :: BinPatch :: data len: 11
0:143  0:000   - [03]: AppleIntelFramebufferAzul (Enable 9MB cursor bytes, 0x0a260006) :: BinPatch :: data len: 20
0:143  0:000   - [04]: AppleIntelFramebufferAzul (HDMI-audio, port 0105, 0x0a260005 0x0a260006, 0x0d220003, 0x0a2e000a, 0x0a26000a) :: BinPatch :: data len: 12
0:143  0:000   - [05]: AppleBacklight (change F%uT%04x to F%uTxxxx in AppleBacklightInjector.kext (credit RehabMan)) :: BinPatch :: data len: 9
0:143  0:000   - [06]: com.apple.driver.AppleBacklight (change F%uT%04x to F%uTxxxx in AppleBacklightInjector.kext (credit RehabMan)) :: BinPatch :: data len: 9
0:143  0:000   - [07]: com.apple.driver.AppleIntelLpssI2C (Prevent Apple I2C kexts from attaching to I2C controllers, credit CoolStar) :: BinPatch :: data len: 5
0:143  0:000   - [08]: com.apple.driver.AppleIntelLpssI2CController (Prevent Apple I2C kexts from attaching to I2C controllers, credit CoolStar) :: BinPatch :: data len: 5
0:143  0:000   - [09]: com.apple.driver.AppleHDA (Patching 11d4198b with 14f1510F codec (patched by AppleHDA Patcher.app)) :: BinPatch :: data len: 4
0:143  0:000  KernelToPatch: 1 requested
0:143  0:000   - [00]: MSR 0xE2 _xcpm_idle instant reboot(c) Pike R. Alpha :: data len: 8
0:143  0:000  Default theme: Universe
0:143  0:000  Hiding entries with string Preboot
0:143  0:000  Hiding entries with string Local Disk Apps
0:143  0:000  Hiding entries with string Local Disk Files
0:143  0:000  Hiding entries with string System Reserved
0:143  0:000  Hiding entries with string Win 10
0:143  0:000  === [ LoadDrivers ] =======================================
0:146  0:002  Loading ApfsDriverLoader.efi  status=Success
0:146  0:000   - driver needs connecting
0:146  0:000  Loading AptioInputFix.efi  status=Success
0:148  0:001  Loading AudioDxe.efi  status=Success
0:148  0:000   - driver needs connecting
0:148  0:000  Loading DataHubDxe.efi  status=Success
0:154  0:006  Loading Fat.efi  status=Success
0:155  0:000   - driver needs connecting
0:155  0:000  Loading FSInject.efi  status=Success
0:156  0:000  Loading OsxAptioFix3Drv.efi  status=Success
0:156  0:000  Loading SMCHelper.efi  status=Success
0:157  0:000  Loading VBoxHfs.efi  status=Success
0:158  0:001   - driver needs connecting
0:158  0:000  4 drivers needs connecting ...
0:158  0:000  PlatformDriverOverrideProtocol not found. Installing ... Success
0:158  0:000  APFS driver loaded
0:158  0:000  Searching for invalid DiskIo BY_DRIVER connects: not found, all ok
3:580  3:422  === [ InitScreen ] ========================================
3:580  0:000  Console modes reported: 4, available modes:
3:580  0:000   - [01]: 80x25
3:580  0:000   - [03]: 100x31
3:580  0:000   - [04]: 170x40 (current mode)
3:580  0:000  SetScreenResolution: 1366x768 - already set
3:580  0:000  SetScreenResolution: 1366x768 - already set
3:580  0:000  reinit: self device path=PciRoot(0x0)\Pci(0x1F,0x2)\Sata(0x1,0xFFFF,0x0)\HD(1,GPT,9DCE8E23-246C-4542-A748-59E6F9D62BA0,0x28,0x64000)
3:580  0:000  === [ GetMacAddress ] =====================================
3:580  0:000   get legacy LAN MAC, 1 card found
3:580  0:000  Legacy MAC address of LAN #0= AC:9E:17:9D:2A:11:
3:580  0:000  === [ ScanSPD ] ===========================================
3:580  0:000  Scanning SMBus [8086:9C22], mmio: 0xF7A21004, ioport: 0xF040, hostc: 0x11
3:599  0:018  Slot: 0 Type 24 4096MB 1600MHz Vendor=SK Hynix PartNo=HMT351S6EFR8A-PBN0 SerialNo=000C02060F0F0B05
3:600  0:000  === [ GetAcpiTablesList ] =================================
3:603  0:003  Get Acpi Tables List from RSDT:
3:603  0:000   - [00]: FACP  Notebook len=268
3:603  0:000   - [01]: APIC  Notebook len=114
3:603  0:000   - [02]: FPDT  Notebook len=68
3:603  0:000   - [03]: ECDT  Notebook len=193
3:603  0:000   - [04]: LPIT   len=148
3:603  0:000   - [05]: SSDT  zpoddult len=372
3:604  0:000   - [06]: SSDT  Cpu0Ist len=1238
3:604  0:000   - [07]: SSDT  CpuPm len=2776
3:604  0:000   - [08]: MCFG  Notebook len=60
3:604  0:000   - [09]: SSDT  DptfTabl len=12397
3:604  0:000   - [10]: HPET  Notebook len=56
3:604  0:000   - [11]: SSDT  SataTabl len=664
3:604  0:000   - [12]: SSDT  SaSsdt  len=16174
3:604  0:000   - [13]: SSDT  SgPch len=3241
3:604  0:000   - [14]: BGRT  Notebook len=56
3:604  0:000   - [15]: DMAR  HSW  len=176
3:604  0:000   - [16]: SSDT  OptTabl len=5272
3:604  0:000  Calibrated TSC Frequency = 1895609752 = 1895MHz
3:604  0:000  === [ GetUserSettings ] ===================================
3:604  0:000  USB FixOwnership: yes
3:604  0:000  Dropping 12 tables:
3:604  0:000   - [00]: Drop table  signature="DMAR" (52414D44)
3:604  0:000           - set table: 52414D44,                0 to drop: yes
3:604  0:000   - [01]: Drop table  signature="SSDT" (54445353) table-id="CpuPm" (0000006D50757043)
3:604  0:000           - set table: 54445353,       6D50757043 to drop: yes
3:604  0:000   - [02]: Drop table  signature="SSDT" (54445353) table-id="Cpu0Ist" (0074734930757043)
3:604  0:000           - set table: 54445353,   74734930757043 to drop: yes
3:604  0:000   - [03]: Drop table  signature="SSDT" (54445353) table-id="CpuCst" (0000747343757043)
3:604  0:000           - set table: 54445353,     747343757043 to drop: no
3:604  0:000   - [04]: Drop table  signature="SSDT" (54445353) table-id="Cpu0Cst" (0074734330757043)
3:604  0:000           - set table: 54445353,   74734330757043 to drop: no
3:604  0:000   - [05]: Drop table  signature="SSDT" (54445353) table-id="Cpu0Tst" (0074735430757043)
3:604  0:000           - set table: 54445353,   74735430757043 to drop: no
3:604  0:000   - [06]: Drop table  signature="SSDT" (54445353) table-id="ApIst" (0000007473497041)
3:604  0:000           - set table: 54445353,       7473497041 to drop: no
3:604  0:000   - [07]: Drop table  signature="SSDT" (54445353) table-id="ApCst" (0000007473437041)
3:604  0:000           - set table: 54445353,       7473437041 to drop: no
3:604  0:000   - [08]: Drop table  signature="SSDT" (54445353) table-id="HwpLvt" (000074764C707748)
3:604  0:000           - set table: 54445353,     74764C707748 to drop: no
3:604  0:000   - [09]: Drop table  signature="SSDT" (54445353) table-id="ApHwp" (0000007077487041)
3:604  0:000           - set table: 54445353,       7077487041 to drop: no
3:604  0:000   - [10]: Drop table  signature="SSDT" (54445353) table-id="Cpu0Hwp" (0070774830757043)
3:604  0:000           - set table: 54445353,   70774830757043 to drop: no
3:604  0:000   - [11]: Drop table  signature="SSDT" (54445353) table-id="CpuSsdt" (0074647353757043)
3:604  0:000           - set table: 54445353,   74647353757043 to drop: no
3:604  0:000   - final DSDT Fix mask=00000011
3:604  0:000  PatchesDSDT: 9 requested
3:604  0:000   - [00]: (Rename GFX0 to IGPU) lenToFind: 4, lenToReplace: 4, Target Bridge: <null string>
3:604  0:000   - [01]: (Rename oem _DSM to ZDSM) lenToFind: 4, lenToReplace: 4, Target Bridge: <null string>
3:604  0:000   - [02]: (Rename HECI to IMEI) lenToFind: 4, lenToReplace: 4, Target Bridge: <null string>
3:604  0:000   - [03]: (change EHC1 to EH01) lenToFind: 4, lenToReplace: 4, Target Bridge: <null string>
3:604  0:000   - [04]: (change EHC2 to EH02) lenToFind: 4, lenToReplace: 4, Target Bridge: <null string>
3:604  0:000   - [05]: (Rename XHCI to XHC) lenToFind: 4, lenToReplace: 4, Target Bridge: <null string>
3:604  0:000   - [06]: (change HDAS to HDEF) lenToFind: 4, lenToReplace: 4, Target Bridge: <null string>
3:604  0:000   - [07]: (change AZAL to HDEF) lenToFind: 4, lenToReplace: 4, Target Bridge: <null string>
3:604  0:000   - [08]: (Rename HDAS to HDEF) lenToFind: 4, lenToReplace: 4, Target Bridge: <null string>
3:604  0:000  EnableC6: no
3:604  0:000  Using ProductName from config: MacBookPro11,1
3:604  0:000  Using latest BiosVersion from clover
3:604  0:000  BiosVersion: MBP111.88Z.F000.B00.1907241312
3:604  0:000  BiosReleaseDate: 07/24/2019
3:604  0:000  Using EfiVersion from clover: 157.0.0.0.0
3:604  0:000  Using FirmwareFeatures from config: 0xE80FE137
3:604  0:000  Using FirmwareFeaturesMask from config: 0xFF1FFF3F
3:604  0:000  Board-ID set from config as Mac-189A3D4F975D5FFC
3:604  0:000  BoardType: 0xA
3:604  0:000  ChassisType: 0xA
3:605  0:001  === [ Found DSDT tables ] =================================
3:606  0:001  - DSDT-Ori.aml
3:606  0:000  - DSDT.AML
4:038  0:431  === [ ScanVolumes ] =======================================
4:038  0:000  Found 15 volumes with blockIO
4:038  0:000  - [00]: Volume: PciRoot(0x0)\Pci(0x1F,0x2)\Sata(0x0,0xFFFF,0x0)
4:038  0:000          Result of bootcode detection: bootable unknown (legacy)
4:038  0:000  - [01]: Volume: PciRoot(0x0)\Pci(0x1F,0x2)\Sata(0x1,0xFFFF,0x0)
4:039  0:000          Result of bootcode detection: bootable unknown (legacy)
4:039  0:000  - [02]: Volume: PciRoot(0x0)\Pci(0x1F,0x2)\Sata(0x0,0xFFFF,0x0)\HD(1,MBR,0x3F6D2F0A,0x800,0xFA000)
4:040  0:000          Result of bootcode detection: bootable Windows (win)
4:040  0:000  - [03]: Volume: PciRoot(0x0)\Pci(0x1F,0x2)\Sata(0x0,0xFFFF,0x0)\HD(2,MBR,0x3F6D2F0A,0xFA800,0xB892000)
4:040  0:000          Result of bootcode detection: bootable Windows (win)
4:040  0:000  - [04]: Volume: PciRoot(0x0)\Pci(0x1F,0x2)\Sata(0x0,0xFFFF,0x0)\HD(3,MBR,0x3F6D2F0A,0xB98C800,0xAFC8000)
4:041  0:000          Result of bootcode detection: bootable Windows (vista,win)
4:041  0:000  - [05]: Volume: PciRoot(0x0)\Pci(0x1F,0x2)\Sata(0x0,0xFFFF,0x0)\HD(4,MBR,0x00000000,0x16955000,0xEAD9000)
4:041  0:000          Result of bootcode detection: bootable Windows (vista,win)
4:041  0:000  - [06]: Volume: PciRoot(0x0)\Pci(0x1F,0x2)\Sata(0x1,0xFFFF,0x0)\HD(1,GPT,9DCE8E23-246C-4542-A748-59E6F9D62BA0,0x28,0x64000)
4:042  0:000          Result of bootcode detection: bootable unknown (legacy)
4:051  0:008          This is SelfVolume !!
4:051  0:000  - [07]: Volume: PciRoot(0x0)\Pci(0x1F,0x2)\Sata(0x1,0xFFFF,0x0)\HD(2,GPT,28C7E7F6-280E-41E0-8DBB-9A7BE6EC00DA,0x64800,0x8000)
4:051  0:000  - [08]: Volume: PciRoot(0x0)\Pci(0x1F,0x2)\Sata(0x1,0xFFFF,0x0)\HD(3,GPT,9324D79D-B230-4581-9394-107F05B54449,0x6C800,0xED4F639)
4:052  0:000          Result of bootcode detection: bootable Windows (vista,win)
4:052  0:000  - [09]: Volume: PciRoot(0x0)\Pci(0x1F,0x2)\Sata(0x1,0xFFFF,0x0)\HD(4,GPT,50E5BFF2-E0A0-43F3-BEA3-283D5B5AAB2A,0xEDBC000,0xF4800)
4:052  0:000          Result of bootcode detection: bootable Windows (vista,win)
4:052  0:000  - [10]: Volume: PciRoot(0x0)\Pci(0x1F,0x2)\Sata(0x1,0xFFFF,0x0)\HD(5,GPT,3A167884-CDD0-4BB3-9A9D-45D8593ACD27,0xEEB1000,0xEE4228F)
4:053  0:000          Result of bootcode detection: bootable unknown (legacy)
4:053  0:000  - [11]: Volume: PciRoot(0x0)\Pci(0x1F,0x2)\Sata(0x1,0xFFFF,0x0)\HD(5,GPT,3A167884-CDD0-4BB3-9A9D-45D8593ACD27,0xEEB1000,0xEE4228F)\VenMedia(BE74FCF7-0B7C-49F3-9147-01F4042E6842,043801AC95CFE247BA978BE397774393)
4:053  0:000          hiding this volume
4:053  0:000  - [12]: Volume: PciRoot(0x0)\Pci(0x1F,0x2)\Sata(0x1,0xFFFF,0x0)\HD(5,GPT,3A167884-CDD0-4BB3-9A9D-45D8593ACD27,0xEEB1000,0xEE4228F)\VenMedia(BE74FCF7-0B7C-49F3-9147-01F4042E6842,EAAA51FDB6B85546A299C4B0D61C98B0)
4:053  0:000  - [13]: Volume: PciRoot(0x0)\Pci(0x1F,0x2)\Sata(0x1,0xFFFF,0x0)\HD(5,GPT,3A167884-CDD0-4BB3-9A9D-45D8593ACD27,0xEEB1000,0xEE4228F)\VenMedia(BE74FCF7-0B7C-49F3-9147-01F4042E6842,CB56A6EC8AF4B0448327B20B872B32C8)
4:053  0:000  - [14]: Volume: PciRoot(0x0)\Pci(0x1F,0x2)\Sata(0x1,0xFFFF,0x0)\HD(5,GPT,3A167884-CDD0-4BB3-9A9D-45D8593ACD27,0xEEB1000,0xEE4228F)\VenMedia(BE74FCF7-0B7C-49F3-9147-01F4042E6842,7C80623E79CF5B468D70C7F2705EA693)
4:053  0:000  found 2 handles with audio
4:053  0:000  No AudioIoDevice stored
4:053  0:000  no stored audio parameters
4:053  0:000  === [ InitTheme ] =========================================
4:053  0:000  use daylight theme
4:060  0:006  Using theme 'Universe' (EFI\CLOVER\themes\Universe)
4:060  0:000  OS main and drive as badge
4:061  0:000  file sound read: sound.wav Not Found
4:063  0:002  Loading font from ThemeDir: Success
4:063  0:000  theme inited
4:063  0:000  Chosen theme Universe
4:063  0:000  found boot-args in NVRAM:, size=1
4:064  0:000  after NVRAM boot-args=-v nv_disable=1 kext-dev-mode=1
4:064  0:000  === [ Dump SMC keys from NVRAM ] ==========================
4:064  0:000  found AppleSMC protocol
4:077  0:013  Registered 26 SMC keys
4:078  0:001  === [ ScanLoader ] ========================================
4:078  0:000  - [06]: 'EFI'
4:089  0:010          AddLoaderEntry for Volume Name=EFI
5:030  0:940          AddLoaderEntry for Volume Name=EFI
5:030  0:000          skipped because entry is hidden
5:030  0:000  - [11]: 'Preboot', hidden
5:030  0:000  - [12]: 'macOS Mojave'
5:053  0:023          AddLoaderEntry for Volume Name=macOS Mojave
5:059  0:006      hibernated: set as never
5:060  0:001          [!] Icon 18 (icons\vol_internal_apfs.icns) not found (path: EFI\CLOVER\themes\Universe)
5:992  0:932  - [13]: 'Recovery'
5:994  0:001          AddLoaderEntry for Volume Name=Recovery
6:017  0:022  - [14]: 'VM'
6:035  0:018  Scanning legacy ...
6:035  0:000   2: 'Legacy HD1' (win) add legacy
6:037  0:002   added 'Boot Windows from Legacy HD1' OSType=2 Icon=win
6:037  0:000   3: 'Legacy HD2' (win) add legacy
6:038  0:001   added 'Boot Windows from Legacy HD2' OSType=2 Icon=win
6:038  0:000   4: 'Legacy HD3' (vista,win) add legacy
6:039  0:000   added 'Boot Windows from Legacy HD3' OSType=2 Icon=vista,win
6:039  0:000   5: 'Legacy HD4' (vista,win) add legacy
6:040  0:000   added 'Boot Windows from Legacy HD4' OSType=2 Icon=vista,win
6:040  0:000   8: 'Legacy HD3' (vista,win) add legacy
6:041  0:000   added 'Boot Windows from Legacy HD3' OSType=2 Icon=vista,win
6:041  0:000   9: 'Legacy HD4' (vista,win) add legacy
6:042  0:000   added 'Boot Windows from Legacy HD4' OSType=2 Icon=vista,win
6:042  0:000  === [ AddCustomTool ] =====================================
6:046  0:004  found tool \EFI\CLOVER\tools\Shell64U.efi
6:046  0:000  Checking EFI partition Volume 6 for Clover
6:046  0:000   Found Clover
6:051  0:004  === [ GetEfiBootDeviceFromNvram ] =========================
6:051  0:000   - efi-boot-device-data: PciRoot(0x0)\Pci(0x1F,0x2)\Sata(0x1,0xFFFF,0x0)\HD(5,GPT,3A167884-CDD0-4BB3-9A9D-45D8593ACD27,0xEEB1000,0xEE4228F)\VenMedia(BE74FCF7-0B7C-49F3-9147-01F4042E6842,EAAA51FDB6B85546A299C4B0D61C98B0)
6:051  0:000    - Volume: 'PciRoot(0x0)\Pci(0x1F,0x2)\Sata(0x1,0xFFFF,0x0)\HD(5,GPT,3A167884-CDD0-4BB3-9A9D-45D8593ACD27,0xEEB1000,0xEE4228F)\VenMedia(BE74FCF7-0B7C-49F3-9147-01F4042E6842,EAAA51FDB6B85546A299C4B0D61C98B0)'
6:051  0:000    - LoaderPath: '<null string>'
6:051  0:000    - Guid = 3A167884-CDD0-4BB3-9A9D-45D8593ACD27
6:051  0:000  === [ FindStartupDiskVolume ] =============================
6:051  0:000    - Volume: partition = PciRoot(0x0)\Pci(0x1F,0x2)\Sata(0x1,0xFFFF,0x0)\HD(5,GPT,3A167884-CDD0-4BB3-9A9D-45D8593ACD27,0xEEB1000,0xEE4228F)\VenMedia(BE74FCF7-0B7C-49F3-9147-01F4042E6842,EAAA51FDB6B85546A299C4B0D61C98B0)
6:051  0:000     - searching for that partition
6:051  0:000      - found entry 1. 'Boot macOS from macOS Mojave', Volume 'macOS Mojave'
6:051  0:000  Boot redirected to Entry 1. 'Boot macOS from macOS Mojave'
6:051  0:000  DefaultIndex=1 and MainMenu.EntryCount=15
6:995  0:943  GUI ready
9:158  2:163  exit from MainMenu 1
9:158  0:000  BootVariable of the entry is empty
9:158  0:000  === [ StartLoader ] =======================================
9:158  0:000  Finally: ExternalClock=25MHz BusSpeed=99769kHz CPUFreq=1896MHz PIS: hw.busfrequency=100000000Hz
9:158  0:000  Loading bootmgfw.efi  status=Success
9:208  0:049  Closing events for Windows
9:208  0:000  OtherOS: Found Acpi 2.0 RSDP 0xC9E6F000
9:208  0:000  RSDT at C9E6F028
9:208  0:000  XSDT at C9E6F098
9:208  0:000  FADT pointer = C9E85B18
9:211  0:003  Cleanup RSDT: count=17, length=104
9:211  0:000  corrected RSDT: count=17, length=104
9:211  0:000  Cleanup XSDT: count=17, length=172
9:211  0:000  corrected XSDT count=17, length=172
9:212  0:000  SetStartupDiskVolume:
9:212  0:000    * Volume: 'EFI'
9:212  0:000    * LoaderPath: '\EFI\microsoft\Boot\bootmgfw.efi'
9:212  0:000    * DevPath: EFI
9:212  0:000    * GUID = 9DCE8E23-246C-4542-A748-59E6F9D62BA0
9:214  0:002    * efi-boot-device: <array><dict><key>IOMatch</key><dict><key>IOProviderClass</key><string>IOMedia</string><key>IOPropertyMatch</key><dict><key>UUID</key><string>9DCE8E23-246C-4542-A748-59E6F9D62BA0</string></dict></dict></dict></array>
9:217  0:002  Closing log
